<?xml version="1.0" encoding="UTF-8" ?>
<testsuite tests="2" failures="0" name="TestSuite" time="9.282" errors="0" skipped="0">
  <properties>
    <property name="java.vendor" value="Oracle Corporation"/>
    <property name="JOB_NAME" value="TestingSimpleGoogleLocalPom"/>
    <property name="sun.java.launcher" value="SUN_STANDARD"/>
    <property name="NUMBER_OF_PROCESSORS" value="4"/>
    <property name="sun.management.compiler" value="HotSpot Client Compiler"/>
    <property name="JENKINS_HOME" value="C:\Users\bvive\.jenkins"/>
    <property name="HUDSON_SERVER_COOKIE" value="4c80d2d94e338f69"/>
    <property name="POM_ARTIFACTID" value="SimpleProject"/>
    <property name="os.name" value="Windows 8.1"/>
    <property name="sun.boot.class.path" value="C:\Program Files (x86)\Java\jdk1.8.0\jre\lib\resources.jar;C:\Program Files (x86)\Java\jdk1.8.0\jre\lib\rt.jar;C:\Program Files (x86)\Java\jdk1.8.0\jre\lib\sunrsasign.jar;C:\Program Files (x86)\Java\jdk1.8.0\jre\lib\jsse.jar;C:\Program Files (x86)\Java\jdk1.8.0\jre\lib\jce.jar;C:\Program Files (x86)\Java\jdk1.8.0\jre\lib\charsets.jar;C:\Program Files (x86)\Java\jdk1.8.0\jre\lib\jfr.jar;C:\Program Files (x86)\Java\jdk1.8.0\jre\classes"/>
    <property name="EXECUTOR_NUMBER" value="0"/>
    <property name="sun.desktop" value="windows"/>
    <property name="PATHEXT" value=".COM;.EXE;.BAT;.CMD;.VBS;.VBE;.JS;.JSE;.WSF;.WSH;.MSC"/>
    <property name="java.vm.specification.vendor" value="Oracle Corporation"/>
    <property name="POM_DISPLAYNAME" value="SimpleProject"/>
    <property name="NODE_LABELS" value="master"/>
    <property name="TEMP" value="C:\Users\bvive\AppData\Local\Temp"/>
    <property name="java.runtime.version" value="1.8.0-b132"/>
    <property name="HOMESHARE" value="\\ant.amazon.com\home\MAA\MAA3\bvive"/>
    <property name="user.name" value="bvive"/>
    <property name="guice.disable.misplaced.annotation.check" value="true"/>
    <property name="CommonProgramW6432" value="C:\Program Files\Common Files"/>
    <property name="ProgramFiles" value="C:\Program Files"/>
    <property name="PROMPT" value="$P$G"/>
    <property name="user.language" value="en"/>
    <property name="JOB_BASE_NAME" value="TestingSimpleGoogleLocalPom"/>
    <property name="RUN_CHANGES_DISPLAY_URL" value="http://unconfigured-jenkins-location/job/TestingSimpleGoogleLocalPom/6/display/redirect?page=changes"/>
    <property name="BUILD_DISPLAY_NAME" value="#6"/>
    <property name="OneDrive" value="C:\Users\bvive\OneDrive"/>
    <property name="sun.boot.library.path" value="C:\Program Files (x86)\Java\jdk1.8.0\jre\bin"/>
    <property name="LOCALAPPDATA" value="C:\Users\bvive\AppData\Local"/>
    <property name="java.version" value="1.8.0"/>
    <property name="PROCESSOR_LEVEL" value="6"/>
    <property name="user.timezone" value="Asia/Calcutta"/>
    <property name="USERNAME" value="bvive"/>
    <property name="sun.arch.data.model" value="32"/>
    <property name="NODE_NAME" value="master"/>
    <property name="java.endorsed.dirs" value="C:\Program Files (x86)\Java\jdk1.8.0\jre\lib\endorsed"/>
    <property name="BUILD_ID" value="6"/>
    <property name="sun.cpu.isalist" value="pentium_pro+mmx pentium_pro pentium+mmx pentium i486 i386 i86"/>
    <property name="sun.jnu.encoding" value="Cp1252"/>
    <property name="file.encoding.pkg" value="sun.io"/>
    <property name="file.separator" value="\"/>
    <property name="java.specification.name" value="Java Platform API Specification"/>
    <property name="HOMEDRIVE" value="H:"/>
    <property name="maven.conf" value="C:\Users\bvive\.jenkins\tools\hudson.tasks.Maven_MavenInstallation\mavenvivek\conf"/>
    <property name="java.class.version" value="52.0"/>
    <property name="=::" value="::\"/>
    <property name="org.slf4j.simpleLogger.defaultLogLevel" value="info"/>
    <property name="user.country" value="US"/>
    <property name="ALLUSERSPROFILE" value="C:\ProgramData"/>
    <property name="java.home" value="C:\Program Files (x86)\Java\jdk1.8.0\jre"/>
    <property name="java.vm.info" value="mixed mode, sharing"/>
    <property name="os.version" value="6.3"/>
    <property name="=ExitCode" value="00000082"/>
    <property name="RUN_DISPLAY_URL" value="http://unconfigured-jenkins-location/job/TestingSimpleGoogleLocalPom/6/display/redirect"/>
    <property name="POM_VERSION" value="0.0.1-SNAPSHOT"/>
    <property name="TMP" value="C:\Users\bvive\AppData\Local\Temp"/>
    <property name="path.separator" value=";"/>
    <property name="java.vm.version" value="25.0-b70"/>
    <property name="user.variant" value=""/>
    <property name="JOB_DISPLAY_URL" value="http://unconfigured-jenkins-location/job/TestingSimpleGoogleLocalPom/display/redirect"/>
    <property name="CommonProgramFiles(x86)" value="C:\Program Files (x86)\Common Files"/>
    <property name="USERDOMAIN_ROAMINGPROFILE" value="ANT"/>
    <property name="java.awt.printerjob" value="sun.awt.windows.WPrinterJob"/>
    <property name="JAVA_HOME" value="C:\Program Files (x86)\Java\jdk1.8.0"/>
    <property name="sun.io.unicode.encoding" value="UnicodeLittle"/>
    <property name="CommonProgramFiles" value="C:\Program Files\Common Files"/>
    <property name="ComSpec" value="C:\WINDOWS\system32\cmd.exe"/>
    <property name="awt.toolkit" value="sun.awt.windows.WToolkit"/>
    <property name="HOMEPATH" value="\"/>
    <property name="USERDNSDOMAIN" value="ANT.AMAZON.COM"/>
    <property name="POM_PACKAGING" value="jar"/>
    <property name="asl.log" value="Destination=file"/>
    <property name="user.script" value=""/>
    <property name="COMPUTERNAME" value="MAA-5CG71202T6"/>
    <property name="POM_GROUPID" value="com.Google"/>
    <property name="user.home" value="C:\Users\bvive"/>
    <property name="PUBLIC" value="C:\Users\Public"/>
    <property name="BUILD_TAG" value="jenkins-TestingSimpleGoogleLocalPom-6"/>
    <property name="JENKINS_SERVER_COOKIE" value="4c80d2d94e338f69"/>
    <property name="ProgramData" value="C:\ProgramData"/>
    <property name="java.specification.vendor" value="Oracle Corporation"/>
    <property name="USERPROFILE" value="C:\Users\bvive"/>
    <property name="CLASSPATH" value=""/>
    <property name="java.vendor.url" value="http://java.oracle.com/"/>
    <property name="java.library.path" value="C:\Program Files (x86)\Java\jdk1.8.0\bin;C:\WINDOWS\Sun\Java\bin;C:\WINDOWS\system32;C:\WINDOWS;C:\Users\bvive\.jenkins\tools\hudson.tasks.Maven_MavenInstallation\mavenvivek/bin;C:\Program Files (x86)\Java\jdk1.8.0/bin;C:\Program Files (x86)\Java\jdk1.8.0/bin;C:\Program Files (x86)\Common Files\Oracle\Java\javapath;C:\Program Files\itacsvc;C:\ProgramData\Oracle\Java\javapath;C:\Program Files (x86)\Java\jdk1.8.0\bin;C:\Program Files (x86)\Java\jre8\bin;C:\WINDOWS\system32;C:\WINDOWS;C:\WINDOWS\System32\Wbem;C:\WINDOWS\System32\WindowsPowerShell\v1.0\;C:\Program Files\Calibre2\;C:\Users\bvive\Desktop\wifi\selenium\GIT maven jenkins installation\maven\apache-maven-3.5.2\bin;C:\Users\bvive\AppData\Local\Microsoft\WindowsApps;C:\adb;C:\Users\bvive\AppData\Local\Android\Sdk\platform-tools;C:\WINDOWS\system32;C:\WINDOWS;C:\WINDOWS\System32\Wbem;C:\WINDOWS\System32\WindowsPowerShell\v1.0\;C:\WINDOWS\System32\OpenSSH\;C:\Program Files (x86)\ACMEGuardian\;C:\Python27\;C:\Program Files (x86)\Quarantine\;C:\Program Files\PuTTY\;C:\Program Files\Git\cmd;C:\Users\bvive\AppData\Local\Continuum\anaconda3;C:\Users\bvive\AppData\Local\Continuum\anaconda3\Library\mingw-w64\bin;C:\Users\bvive\AppData\Local\Continuum\anaconda3\Library\usr\bin;C:\Users\bvive\AppData\Local\Continuum\anaconda3\Library\bin;C:\Users\bvive\AppData\Local\Continuum\anaconda3\Scripts;C:\Users\bvive\AppData\Local\Programs\Python\Python36\Scripts\;C:\Users\bvive\AppData\Local\Programs\Python\Python36\;C:\Users\bvive\AppData\Local\Microsoft\WindowsApps;;."/>
    <property name="java.vm.vendor" value="Oracle Corporation"/>
    <property name="APPDATA" value="C:\Users\bvive\AppData\Roaming"/>
    <property name="java.runtime.name" value="Java(TM) SE Runtime Environment"/>
    <property name="maven.home" value="C:\Users\bvive\.jenkins\tools\hudson.tasks.Maven_MavenInstallation\mavenvivek"/>
    <property name="java.class.path" value="C:\Users\bvive\.jenkins\plugins\maven-plugin\WEB-INF\lib\maven35-agent-1.13.jar;C:\Users\bvive\.jenkins\tools\hudson.tasks.Maven_MavenInstallation\mavenvivek\boot\plexus-classworlds-2.6.0.jar;C:\Users\bvive\.jenkins\tools\hudson.tasks.Maven_MavenInstallation\mavenvivek/conf/logging"/>
    <property name="sun.java.command" value="jenkins.maven3.agent.Maven35Main C:\Users\bvive\.jenkins\tools\hudson.tasks.Maven_MavenInstallation\mavenvivek C:\Users\bvive\.jenkins\war\WEB-INF\lib\remoting-3.36.jar C:\Users\bvive\.jenkins\plugins\maven-plugin\WEB-INF\lib\maven35-interceptor-1.13.jar C:\Users\bvive\.jenkins\plugins\maven-plugin\WEB-INF\lib\maven3-interceptor-commons-1.13.jar 58837"/>
    <property name="Path" value="C:\Program Files (x86)\Java\jdk1.8.0/bin;C:\Program Files (x86)\Common Files\Oracle\Java\javapath;C:\Program Files\itacsvc;C:\ProgramData\Oracle\Java\javapath;C:\Program Files (x86)\Java\jdk1.8.0\bin;C:\Program Files (x86)\Java\jre8\bin;C:\WINDOWS\system32;C:\WINDOWS;C:\WINDOWS\System32\Wbem;C:\WINDOWS\System32\WindowsPowerShell\v1.0\;C:\Program Files\Calibre2\;C:\Users\bvive\Desktop\wifi\selenium\GIT maven jenkins installation\maven\apache-maven-3.5.2\bin;C:\Users\bvive\AppData\Local\Microsoft\WindowsApps;C:\adb;C:\Users\bvive\AppData\Local\Android\Sdk\platform-tools;C:\WINDOWS\system32;C:\WINDOWS;C:\WINDOWS\System32\Wbem;C:\WINDOWS\System32\WindowsPowerShell\v1.0\;C:\WINDOWS\System32\OpenSSH\;C:\Program Files (x86)\ACMEGuardian\;C:\Python27\;C:\Program Files (x86)\Quarantine\;C:\Program Files\PuTTY\;C:\Program Files\Git\cmd;C:\Users\bvive\AppData\Local\Continuum\anaconda3;C:\Users\bvive\AppData\Local\Continuum\anaconda3\Library\mingw-w64\bin;C:\Users\bvive\AppData\Local\Continuum\anaconda3\Library\usr\bin;C:\Users\bvive\AppData\Local\Continuum\anaconda3\Library\bin;C:\Users\bvive\AppData\Local\Continuum\anaconda3\Scripts;C:\Users\bvive\AppData\Local\Programs\Python\Python36\Scripts\;C:\Users\bvive\AppData\Local\Programs\Python\Python36\;C:\Users\bvive\AppData\Local\Microsoft\WindowsApps;"/>
    <property name="java.vm.specification.name" value="Java Virtual Machine Specification"/>
    <property name="PROCESSOR_ARCHITECTURE" value="AMD64"/>
    <property name="PATH+JDK" value="C:\Program Files (x86)\Java\jdk1.8.0/bin"/>
    <property name="PROCESSOR_IDENTIFIER" value="Intel64 Family 6 Model 78 Stepping 3, GenuineIntel"/>
    <property name="SESSIONNAME" value="Console"/>
    <property name="java.vm.specification.version" value="1.8"/>
    <property name="sun.os.patch.level" value=""/>
    <property name="sun.cpu.endian" value="little"/>
    <property name="M2_HOME" value="C:\Users\bvive\.jenkins\tools\hudson.tasks.Maven_MavenInstallation\mavenvivek"/>
    <property name="java.io.tmpdir" value="C:\Users\bvive\AppData\Local\Temp\"/>
    <property name="OS" value="Windows_NT"/>
    <property name="HUDSON_HOME" value="C:\Users\bvive\.jenkins"/>
    <property name="PATH+MAVEN" value="C:\Users\bvive\.jenkins\tools\hudson.tasks.Maven_MavenInstallation\mavenvivek/bin"/>
    <property name="ProgramFiles(x86)" value="C:\Program Files (x86)"/>
    <property name="java.vendor.url.bug" value="http://bugreport.sun.com/bugreport/"/>
    <property name="java.awt.graphicsenv" value="sun.awt.Win32GraphicsEnvironment"/>
    <property name="os.arch" value="x86"/>
    <property name="SystemRoot" value="C:\WINDOWS"/>
    <property name="java.ext.dirs" value="C:\Program Files (x86)\Java\jdk1.8.0\jre\lib\ext;C:\WINDOWS\Sun\Java\lib\ext"/>
    <property name="user.dir" value="C:\Users\bvive\Desktop\selenium\SimpleProject"/>
    <property name="LOGONSERVER" value="\\DC-EUW1A-05"/>
    <property name="USERDOMAIN" value="ANT"/>
    <property name="line.separator" value="
"/>
    <property name="MAVEN_HOME" value="C:\Users\bvive\.jenkins\tools\hudson.tasks.Maven_MavenInstallation\mavenvivek"/>
    <property name="java.vm.name" value="Java HotSpot(TM) Client VM"/>
    <property name="BUILD_NUMBER" value="6"/>
    <property name="PROCESSOR_REVISION" value="4e03"/>
    <property name="UATDATA" value="C:\WINDOWS\CCM\UATData\D9F8C395-CAB8-491d-B8AC-179A1FE1BE77"/>
    <property name="ProgramW6432" value="C:\Program Files"/>
    <property name="windir" value="C:\WINDOWS"/>
    <property name="=C:" value="c:\"/>
    <property name="file.encoding" value="Cp1252"/>
    <property name="SystemDrive" value="C:"/>
    <property name="maven3.interceptor" value="C:\Users\bvive\.jenkins\plugins\maven-plugin\WEB-INF\lib\maven35-interceptor-1.13.jar"/>
    <property name="WORKSPACE" value="C:\Users\bvive\.jenkins\workspace\TestingSimpleGoogleLocalPom"/>
    <property name="maven3.interceptor.common" value="C:\Users\bvive\.jenkins\plugins\maven-plugin\WEB-INF\lib\maven3-interceptor-commons-1.13.jar"/>
    <property name="java.specification.version" value="1.8"/>
    <property name="PSModulePath" value="C:\Program Files\WindowsPowerShell\Modules;C:\WINDOWS\system32\WindowsPowerShell\v1.0\Modules"/>
    <property name="DriverData" value="C:\Windows\System32\Drivers\DriverData"/>
  </properties>
  <testcase classname="com.Google.TestCases.LoginTest" name="testlogin" time="4.082"/>
  <testcase classname="com.Google.SimpleProject.AppTest" name="testApp on testApp(com.Google.SimpleProject.AppTest)" time="5.2"/>
</testsuite>