<?xml version="1.0" encoding="UTF-8"?>
<!-- Generated by org.testng.reporters.JUnitReportReporter -->
<testsuite skipped="0" hostname="MAA-5CG71202T6" name="com.Google.SimpleProject.AppTest" tests="1" failures="0" timestamp="20 Dec 2019 07:05:38 GMT" time="0.001" errors="0">
  <testcase name="testApp" time="0.001" classname="com.Google.SimpleProject.AppTest"/>
</testsuite> <!-- com.Google.SimpleProject.AppTest -->
