<?xml version="1.0" encoding="UTF-8"?>
<!-- Generated by org.testng.reporters.JUnitReportReporter -->
<testsuite skipped="0" hostname="MAA-5CG71202T6" name="com.Google.TestCases.LoginTest" tests="1" failures="0" timestamp="2019-12-20T12:32:23 IST" time="13.987" errors="0">
  <testcase name="testlogin" time="13.987" classname="com.Google.TestCases.LoginTest"/>
</testsuite> <!-- com.Google.TestCases.LoginTest -->
